<?xml version="1.0" encoding="UTF-8"?>
<!-- Generated by org.testng.reporters.JUnitReportReporter -->
<testsuite hostname="PRITESH-LOTLIKAR" failures="0" tests="1" name="cucumberOptions.TestNGTestRunner" time="12.459" errors="0" timestamp="2022-09-05T16:45:10 IST" skipped="0">
  <testcase classname="cucumberOptions.TestNGTestRunner" name="runScenario" time="12.459"/>
  <system-out/>
</testsuite> <!-- cucumberOptions.TestNGTestRunner -->
